1703660256343:hello
1703660320010:Goodbye
1703660800039:help hello
1703660815231:sdfsdf
1703661026556:hello
1703661045597:hello kameshkabil9@gmail.com
1703661429274:hp
1703662378395:hello kamesh
1703662389156:getData
1703662728593:getData 1
1703662834008:getAlien 2
1703663492419:getAlien
1703664883003:hello kamesh
1703665073276:createNewAlien "varadha" "Purple" 21
1703665311480:createNewAlien "kabil" "Pink" 20
1703665910354:createNewAlien "Pradhap" "Black" 21
1703668507578:createNewAlien "Alien123" "Grey" 25
1703668567079:stacktrace
1703669187109:createNewAlien "Alien456" "SkyBlue" 26
1703669220855:stacktrace
1703669596085:createNewAlien "APPU" "ROSE_PINK" 34
1703669615849:stacktrace
1703669765167:createNewAlien "SURYA" "RED" 28
1703670141591:stacktrace
1703671161589:createNewAlien "zuzu" "pink" 154
1703671515107:createNewAlien "Azure" "Red" 450
1703672203025:createNewAlien "Prasanth" "Black" 20
1703672559065:createNewAlien "susu" "red" 78
1703672860511:createNewAlien "ii23" "orange" 90
1703673041579:createNewAlien "rumzo" "black" 56
1703673215923:createNewAlien "waterzAli" "pink" 67
1703674914837:createNewAlien '{"alienName": "Gort", "alienColor": "green", "alienAge": 350}'
1703698890727:importAlien ./src/main/resource/aliens.json
1703698911975:stacktrace
1703698997215:importAlien ./src/main/resource/aliens.json
1703701065531:stacktrace
1703701254753:importAlien ./src/main/resource/aliens.json
1703701280705:stacktrace
1703701668829:importAlien ./src/main/resource/aliens.json
1704713148358:l
